<?xml version="1.0" encoding="UTF-8"?>
<!-- Generated by org.testng.reporters.JUnitXMLReporter -->
<testsuite hostname="CAI-PC" ignored="0" name="Default test" tests="3" failures="0" timestamp="26 Jul 2017 13:00:24 GMT" time="35.714" errors="0">
  <testcase name="facebookLaunch" time="9.828" classname="project_facebook_usedcases.Facebook_Login"/>
  <testcase name="LoginFacebook" time="17.434" classname="project_facebook_usedcases.Facebook_Login"/>
  <testcase name="logout" time="0.001" classname="project_facebook_usedcases.Facebook_Login"/>
</testsuite> <!-- Default test -->
